INFO - 2023-05-14T07:27:37.597Z 1098 add - success
WARN - 2023-05-14T07:27:37.818Z 1098 add - already_exists
INFO - 2023-05-14T07:28:52.824Z 1098 add - success
WARN - 2023-05-14T07:28:53.045Z 1098 add - already_exists
INFO - 2023-05-14T07:31:37.673Z 1098 add - success
WARN - 2023-05-14T07:31:37.905Z 1098 add - already_exists
INFO - 2023-05-14T07:55:16.365Z 1098 add - success
WARN - 2023-05-14T07:55:16.597Z 1098 add - already_exists
INFO - 2023-05-14T07:55:17.064Z undefined update - success
INFO - 2023-05-14T07:55:17.744Z 1099 add - success
INFO - 2023-05-14T07:57:23.564Z 1098 add - success
WARN - 2023-05-14T07:57:23.784Z 1098 add - already_exists
INFO - 2023-05-14T07:57:24.227Z undefined update - success
INFO - 2023-05-14T07:57:24.888Z 1099 add - success
INFO - 2023-05-14T07:57:25.109Z undefined delete - success
INFO - 2023-05-14T08:07:12.814Z 1098 add - success
WARN - 2023-05-14T08:07:13.049Z 1098 add - already_exists
INFO - 2023-05-14T08:07:13.532Z undefined update - success
INFO - 2023-05-14T08:07:14.242Z 1099 add - success
INFO - 2023-05-14T08:07:14.486Z undefined delete - success
INFO - 2023-05-14T08:16:33.076Z 1098 add - success
WARN - 2023-05-14T08:16:33.298Z 1098 add - already_exists
INFO - 2023-05-14T08:16:33.748Z undefined update - success
INFO - 2023-05-14T08:16:34.235Z 1099 add - success
INFO - 2023-05-14T08:16:34.459Z undefined delete - success
INFO - 2023-05-14T08:22:32.292Z 1098 add - success
WARN - 2023-05-14T08:22:32.519Z 1098 add - already_exists
INFO - 2023-05-14T08:22:32.975Z undefined update - success
INFO - 2023-05-14T08:22:33.660Z 1099 add - success
INFO - 2023-05-14T08:22:33.905Z undefined delete - success
INFO - 2023-05-14T08:23:55.959Z 1098 add - success
WARN - 2023-05-14T08:23:56.186Z 1098 add - already_exists
INFO - 2023-05-14T08:23:56.632Z undefined update - success
INFO - 2023-05-14T08:23:57.320Z 1099 add - success
INFO - 2023-05-14T08:23:57.544Z undefined delete - success
INFO - 2023-05-14T08:25:06.323Z 1098 add - success
WARN - 2023-05-14T08:25:06.542Z 1098 add - already_exists
INFO - 2023-05-14T08:25:06.997Z undefined update - success
INFO - 2023-05-14T08:25:07.663Z 1099 add - success
INFO - 2023-05-14T08:25:07.882Z undefined delete - success
INFO - 2023-05-14T08:26:22.078Z 1098 add - success
WARN - 2023-05-14T08:26:22.298Z 1098 add - already_exists
INFO - 2023-05-14T08:26:22.732Z undefined update - success
INFO - 2023-05-14T08:26:23.406Z 1099 add - success
INFO - 2023-05-14T08:26:23.621Z undefined delete - success
INFO - 2023-05-14T10:40:06.378Z 1098 add - success
WARN - 2023-05-14T10:40:06.687Z 1098 add - already_exists
INFO - 2023-05-14T10:40:07.713Z undefined update - success
INFO - 2023-05-14T10:40:08.325Z 1098 find - success
INFO - 2023-05-14T10:40:09.354Z 1099 add - success
INFO - 2023-05-14T10:40:10.169Z undefined delete - success
INFO - 2023-05-14T10:45:50.154Z 1098 add - success
WARN - 2023-05-14T10:45:50.459Z 1098 add - already_exists
INFO - 2023-05-14T10:45:51.087Z undefined update - success
INFO - 2023-05-14T10:45:51.711Z 1098 find - success
INFO - 2023-05-14T10:45:52.306Z 1099 add - success
INFO - 2023-05-14T10:45:52.916Z undefined delete - success
INFO - 2023-05-14T10:48:29.185Z 1098 add - success
WARN - 2023-05-14T10:48:29.496Z 1098 add - already_exists
INFO - 2023-05-14T10:48:30.206Z undefined update - success
INFO - 2023-05-14T10:48:30.719Z 1098 find - success
INFO - 2023-05-14T10:48:31.334Z 1099 add - success
INFO - 2023-05-14T10:48:31.948Z undefined delete - success
INFO - 2023-05-14T10:49:55.521Z 1098 add - success
WARN - 2023-05-14T10:49:55.825Z 1098 add - already_exists
INFO - 2023-05-14T10:49:56.427Z undefined update - success
INFO - 2023-05-14T10:49:56.946Z 1098 find - success
INFO - 2023-05-14T10:49:57.551Z 1099 add - success
INFO - 2023-05-14T10:49:58.167Z undefined delete - success
INFO - 2023-05-14T10:52:43.034Z 1098 add - success
WARN - 2023-05-14T10:52:43.342Z 1098 add - already_exists
INFO - 2023-05-14T10:52:43.853Z undefined update - success
INFO - 2023-05-14T10:52:44.471Z 1098 find - success
INFO - 2023-05-14T10:52:45.085Z 1099 add - success
INFO - 2023-05-14T10:52:45.696Z undefined delete - success
INFO - 2023-05-14T10:53:26.780Z 1098 add - success
WARN - 2023-05-14T10:53:27.067Z 1098 add - already_exists
INFO - 2023-05-14T10:53:27.681Z undefined update - success
INFO - 2023-05-14T10:53:28.733Z 1098 find - success
INFO - 2023-05-14T10:53:29.319Z 1099 add - success
INFO - 2023-05-14T10:53:29.782Z undefined delete - success
INFO - 2023-05-14T10:58:12.056Z 1098 add - success
WARN - 2023-05-14T10:58:12.355Z 1098 add - already_exists
INFO - 2023-05-14T10:58:12.813Z undefined update - success
INFO - 2023-05-14T10:58:13.379Z 1098 find - success
INFO - 2023-05-14T10:58:13.914Z 1099 add - success
INFO - 2023-05-14T10:58:14.611Z undefined delete - success
