2023-05-14T08:19:41.295Z INFO - raju@gmail.com registration - success
2023-05-14T08:19:46.889Z INFO - raju@gmail.com login - success
2023-05-14T08:19:58.831Z ERROR - raju@gmail.com login - password_error
2023-05-14T08:20:07.399Z WARN - raju@gmail.com registration - user_already_exists
2023-05-14T08:20:25.684Z INFO - aditya@gmail.com login - success
2023-05-13T08:19:41.295Z INFO - raju@gmail.com registration - success
2023-05-13T08:19:46.889Z INFO - raju@gmail.com login - success
2023-05-13T08:19:58.831Z ERROR - raju@gmail.com login - password_error
2023-05-13T08:20:07.399Z WARN - raju@gmail.com registration - user_already_exists
2023-05-13T08:20:25.684Z INFO - aditya@gmail.com login - success
2023-05-12T08:19:41.295Z INFO - raju@gmail.com registration - success
2023-05-12T08:19:46.889Z INFO - raju@gmail.com login - success
2023-05-12T08:19:58.831Z ERROR - raju@gmail.com login - password_error
2023-05-12T08:20:07.399Z WARN - raju@gmail.com registration - user_already_exists
2023-05-12T08:20:25.684Z INFO - aditya@gmail.com login - success
2023-05-11T08:15:46.889Z INFO - raju@gmail.com login - success
2023-05-11T08:13:52.831Z ERROR - raju@gmail.com login - password_error
2023-05-11T08:21:02.399Z WARN - raju@gmail.com registration - user_already_exists
2023-05-11T08:22:21.684Z INFO - aditya@gmail.com login - success
2023-05-10T08:19:42.889Z INFO - raju@gmail.com login - success
2023-05-10T08:22:57.831Z ERROR - raju@gmail.com login - password_error
2023-05-10T08:07:07.399Z WARN - raju@gmail.com registration - user_already_exists
2023-05-10T08:09:21.684Z INFO - aditya@gmail.com login - success
2023-05-14T09:35:48.931Z INFO - hansal@gmail.com login - success
2023-05-14T09:38:05.156Z INFO - gautam@yahoo.com login - success
2023-05-14T09:39:25.241Z INFO - raju@gmail.com login - success
2023-05-14T10:07:10.424Z INFO - aditya@gmail.com login - success
